[0523/132133.676:ERROR:process_memory_win.cc(73)] ReadMemory at 0x7ff60de50000 of 64 bytes failed: Only part of a ReadProcessMemory or WriteProcessMemory request was completed. (0x12B)
[0523/132133.677:WARNING:pe_image_reader.cc(340)] could not read dos header from C:\Program Files (x86)\Google\Chrome\Application\chrome.exe
[0523/132133.678:ERROR:process_memory_win.cc(73)] ReadMemory at 0x7ffbd7a00000 of 64 bytes failed: Only part of a ReadProcessMemory or WriteProcessMemory request was completed. (0x12B)
[0523/132133.678:WARNING:pe_image_reader.cc(340)] could not read dos header from C:\Windows\SYSTEM32\ntdll.dll
[0523/132133.678:ERROR:process_memory_win.cc(73)] ReadMemory at 0x7ffbd6c90000 of 64 bytes failed: Only part of a ReadProcessMemory or WriteProcessMemory request was completed. (0x12B)
[0523/132133.678:WARNING:pe_image_reader.cc(340)] could not read dos header from C:\Windows\System32\KERNEL32.DLL
[0523/132133.678:ERROR:process_memory_win.cc(73)] ReadMemory at 0x7ffbd5600000 of 64 bytes failed: Only part of a ReadProcessMemory or WriteProcessMemory request was completed. (0x12B)
[0523/132133.678:WARNING:pe_image_reader.cc(340)] could not read dos header from C:\Windows\System32\KERNELBASE.dll
[0523/132133.678:ERROR:process_memory_win.cc(73)] ReadMemory at 0x7ffb92d40000 of 64 bytes failed: Only part of a ReadProcessMemory or WriteProcessMemory request was completed. (0x12B)
[0523/132133.678:WARNING:pe_image_reader.cc(340)] could not read dos header from C:\Program Files (x86)\Google\Chrome\Application\81.0.4044.138\chrome_elf.dll
[0523/132133.678:ERROR:process_memory_win.cc(73)] ReadMemory at 0x7ffbcf2c0000 of 64 bytes failed: Only part of a ReadProcessMemory or WriteProcessMemory request was completed. (0x12B)
[0523/132133.678:WARNING:pe_image_reader.cc(340)] could not read dos header from C:\Windows\SYSTEM32\VERSION.dll
[0523/132133.678:ERROR:process_memory_win.cc(73)] ReadMemory at 0x242ed020000 of 64 bytes failed: Only part of a ReadProcessMemory or WriteProcessMemory request was completed. (0x12B)
[0523/132133.678:WARNING:pe_image_reader.cc(340)] could not read dos header from C:\Windows\System32\msvcrt.dll
[0523/132133.678:ERROR:process_memory_win.cc(73)] ReadMemory at 0x7ffbd5300000 of 64 bytes failed: Only part of a ReadProcessMemory or WriteProcessMemory request was completed. (0x12B)
[0523/132133.678:WARNING:pe_image_reader.cc(340)] could not read dos header from C:\Windows\System32\bcryptPrimitives.dll
[0523/132133.678:ERROR:process_memory_win.cc(73)] ReadMemory at 0x7ffbd6df0000 of 64 bytes failed: Only part of a ReadProcessMemory or WriteProcessMemory request was completed. (0x12B)
[0523/132133.679:WARNING:pe_image_reader.cc(340)] could not read dos header from C:\Windows\System32\ADVAPI32.dll
[0523/132133.679:ERROR:process_memory_win.cc(73)] ReadMemory at 0x7ffbd69d0000 of 64 bytes failed: Only part of a ReadProcessMemory or WriteProcessMemory request was completed. (0x12B)
[0523/132133.679:WARNING:pe_image_reader.cc(340)] could not read dos header from C:\Windows\System32\sechost.dll
[0523/132133.679:ERROR:process_memory_win.cc(73)] ReadMemory at 0x7ffbd6ee0000 of 64 bytes failed: Only part of a ReadProcessMemory or WriteProcessMemory request was completed. (0x12B)
[0523/132133.679:WARNING:pe_image_reader.cc(340)] could not read dos header from C:\Windows\System32\RPCRT4.dll
[0523/132133.679:ERROR:process_memory_win.cc(73)] ReadMemory at 0x7ffb5a080000 of 64 bytes failed: Only part of a ReadProcessMemory or WriteProcessMemory request was completed. (0x12B)
[0523/132133.679:WARNING:pe_image_reader.cc(340)] could not read dos header from C:\Program Files (x86)\Google\Chrome\Application\81.0.4044.138\chrome.dll
[0523/132133.679:ERROR:process_memory_win.cc(73)] ReadMemory at 0x7ffbd6c20000 of 64 bytes failed: Only part of a ReadProcessMemory or WriteProcessMemory request was completed. (0x12B)
[0523/132133.679:WARNING:pe_image_reader.cc(340)] could not read dos header from C:\Windows\System32\WS2_32.dll
[0523/132133.679:ERROR:process_memory_win.cc(73)] ReadMemory at 0x7ffbd7810000 of 64 bytes failed: Only part of a ReadProcessMemory or WriteProcessMemory request was completed. (0x12B)
[0523/132133.679:WARNING:pe_image_reader.cc(340)] could not read dos header from C:\Windows\System32\OLEAUT32.dll
[0523/132133.679:ERROR:process_memory_win.cc(73)] ReadMemory at 0x7ffbd5260000 of 64 bytes failed: Only part of a ReadProcessMemory or WriteProcessMemory request was completed. (0x12B)
[0523/132133.679:WARNING:pe_image_reader.cc(340)] could not read dos header from C:\Windows\System32\msvcp_win.dll
[0523/132133.679:ERROR:process_memory_win.cc(73)] ReadMemory at 0x7ffbd58b0000 of 64 bytes failed: Only part of a ReadProcessMemory or WriteProcessMemory request was completed. (0x12B)
[0523/132133.679:WARNING:pe_image_reader.cc(340)] could not read dos header from C:\Windows\System32\ucrtbase.dll
[0523/132133.679:ERROR:process_memory_win.cc(73)] ReadMemory at 0x7ffbd5d90000 of 64 bytes failed: Only part of a ReadProcessMemory or WriteProcessMemory request was completed. (0x12B)
[0523/132133.679:WARNING:pe_image_reader.cc(340)] could not read dos header from C:\Windows\System32\combase.dll
[0523/132133.679:ERROR:process_memory_win.cc(73)] ReadMemory at 0x7ffbd5a00000 of 64 bytes failed: Only part of a ReadProcessMemory or WriteProcessMemory request was completed. (0x12B)
[0523/132133.679:WARNING:pe_image_reader.cc(340)] could not read dos header from C:\Windows\System32\WINTRUST.dll
[0523/132133.679:ERROR:process_memory_win.cc(73)] ReadMemory at 0x7ffbd48d0000 of 64 bytes failed: Only part of a ReadProcessMemory or WriteProcessMemory request was completed. (0x12B)
[0523/132133.679:WARNING:pe_image_reader.cc(340)] could not read dos header from C:\Windows\System32\MSASN1.dll
[0523/132133.679:ERROR:process_memory_win.cc(73)] ReadMemory at 0x7ffbd5110000 of 64 bytes failed: Only part of a ReadProcessMemory or WriteProcessMemory request was completed. (0x12B)
[0523/132133.679:WARNING:pe_image_reader.cc(340)] could not read dos header from C:\Windows\System32\CRYPT32.dll
[0523/132133.679:ERROR:process_memory_win.cc(73)] ReadMemory at 0x7ffbd3de0000 of 64 bytes failed: Only part of a ReadProcessMemory or WriteProcessMemory request was completed. (0x12B)
[0523/132133.679:WARNING:pe_image_reader.cc(340)] could not read dos header from C:\Windows\SYSTEM32\IPHLPAPI.DLL
[0523/132133.679:ERROR:process_memory_win.cc(73)] ReadMemory at 0x7ffbd2820000 of 64 bytes failed: Only part of a ReadProcessMemory or WriteProcessMemory request was completed. (0x12B)
[0523/132133.679:WARNING:pe_image_reader.cc(340)] could not read dos header from C:\Windows\SYSTEM32\WINMM.dll
[0523/132133.679:ERROR:process_memory_win.cc(73)] ReadMemory at 0x7ffbc63c0000 of 64 bytes failed: Only part of a ReadProcessMemory or WriteProcessMemory request was completed. (0x12B)
[0523/132133.680:WARNING:pe_image_reader.cc(340)] could not read dos header from C:\Windows\SYSTEM32\Secur32.dll
[0523/132133.680:ERROR:process_memory_win.cc(73)] ReadMemory at 0x7ffbd47b0000 of 64 bytes failed: Only part of a ReadProcessMemory or WriteProcessMemory request was completed. (0x12B)
[0523/132133.680:WARNING:pe_image_reader.cc(340)] could not read dos header from C:\Windows\SYSTEM32\USERENV.dll
[0523/132133.680:ERROR:process_memory_win.cc(73)] ReadMemory at 0x7ffbd4910000 of 64 bytes failed: Only part of a ReadProcessMemory or WriteProcessMemory request was completed. (0x12B)
[0523/132133.680:WARNING:pe_image_reader.cc(340)] could not read dos header from C:\Windows\System32\profapi.dll
[0523/132133.680:ERROR:process_memory_win.cc(73)] ReadMemory at 0x7ffbb8500000 of 64 bytes failed: Only part of a ReadProcessMemory or WriteProcessMemory request was completed. (0x12B)
[0523/132133.680:WARNING:pe_image_reader.cc(340)] could not read dos header from C:\Windows\SYSTEM32\UIAutomationCore.DLL
[0523/132133.680:ERROR:process_memory_win.cc(73)] ReadMemory at 0x7ffbc9ed0000 of 64 bytes failed: Only part of a ReadProcessMemory or WriteProcessMemory request was completed. (0x12B)
[0523/132133.680:WARNING:pe_image_reader.cc(340)] could not read dos header from C:\Windows\SYSTEM32\DWrite.dll
[0523/132133.680:ERROR:process_memory_win.cc(73)] ReadMemory at 0x7ffbc0530000 of 64 bytes failed: Only part of a ReadProcessMemory or WriteProcessMemory request was completed. (0x12B)
[0523/132133.680:WARNING:pe_image_reader.cc(340)] could not read dos header from C:\Windows\SYSTEM32\WINSPOOL.DRV
[0523/132133.680:ERROR:process_memory_win.cc(73)] ReadMemory at 0x7ffbd48f0000 of 64 bytes failed: Only part of a ReadProcessMemory or WriteProcessMemory request was completed. (0x12B)
[0523/132133.680:WARNING:pe_image_reader.cc(340)] could not read dos header from C:\Windows\System32\kernel.appcore.dll
[0523/132133.680:ERROR:process_memory_win.cc(73)] ReadMemory at 0x7ffbd59b0000 of 64 bytes failed: Only part of a ReadProcessMemory or WriteProcessMemory request was completed. (0x12B)
[0523/132133.680:WARNING:pe_image_reader.cc(340)] could not read dos header from C:\Windows\System32\bcrypt.dll
[0523/132133.680:ERROR:process_memory_win.cc(73)] ReadMemory at 0x7ffbc2860000 of 64 bytes failed: Only part of a ReadProcessMemory or WriteProcessMemory request was completed. (0x12B)
[0523/132133.680:WARNING:pe_image_reader.cc(340)] could not read dos header from C:\Windows\SYSTEM32\dbghelp.dll
[0523/132133.680:ERROR:process_memory_win.cc(73)] ReadMemory at 0x7ffbccc50000 of 64 bytes failed: Only part of a ReadProcessMemory or WriteProcessMemory request was completed. (0x12B)
[0523/132133.680:WARNING:pe_image_reader.cc(340)] could not read dos header from C:\Windows\SYSTEM32\WINHTTP.dll
[0523/132133.680:ERROR:process_memory_win.cc(73)] ReadMemory at 0x7ffbce790000 of 64 bytes failed: Only part of a ReadProcessMemory or WriteProcessMemory request was completed. (0x12B)
[0523/132133.680:WARNING:pe_image_reader.cc(340)] could not read dos header from C:\Windows\SYSTEM32\dhcpcsvc.DLL
[0523/132133.680:ERROR:process_memory_win.cc(73)] ReadMemory at 0x7ffbd6210000 of 64 bytes failed: Only part of a ReadProcessMemory or WriteProcessMemory request was completed. (0x12B)
[0523/132133.680:WARNING:pe_image_reader.cc(340)] could not read dos header from C:\Windows\System32\NSI.dll
[0523/132133.680:ERROR:process_memory_win.cc(73)] ReadMemory at 0x7ffbd23a0000 of 64 bytes failed: Only part of a ReadProcessMemory or WriteProcessMemory request was completed. (0x12B)
[0523/132133.680:WARNING:pe_image_reader.cc(340)] could not read dos header from C:\Windows\SYSTEM32\WINMMBASE.dll
[0523/132133.680:ERROR:process_memory_win.cc(73)] ReadMemory at 0x7ffbd5a60000 of 64 bytes failed: Only part of a ReadProcessMemory or WriteProcessMemory request was completed. (0x12B)
[0523/132133.680:WARNING:pe_image_reader.cc(340)] could not read dos header from C:\Windows\System32\cfgmgr32.dll
[0523/132133.680:ERROR:process_memory_win.cc(73)] ReadMemory at 0x7ffbd0910000 of 64 bytes failed: Only part of a ReadProcessMemory or WriteProcessMemory request was completed. (0x12B)
[0523/132133.680:WARNING:pe_image_reader.cc(340)] could not read dos header from C:\Windows\SYSTEM32\PROPSYS.dll
[0523/132133.680:ERROR:process_memory_win.cc(73)] ReadMemory at 0x7ffbd5ce0000 of 64 bytes failed: Only part of a ReadProcessMemory or WriteProcessMemory request was completed. (0x12B)
[0523/132133.680:WARNING:pe_image_reader.cc(340)] could not read dos header from C:\Windows\System32\shcore.dll
[0523/132133.680:ERROR:process_memory_win.cc(73)] ReadMemory at 0x7ffbd47e0000 of 64 bytes failed: Only part of a ReadProcessMemory or WriteProcessMemory request was completed. (0x12B)
[0523/132133.680:WARNING:pe_image_reader.cc(340)] could not read dos header from C:\Windows\SYSTEM32\SSPICLI.DLL
[0523/132133.681:ERROR:process_memory_win.cc(73)] ReadMemory at 0x7ffbd42a0000 of 64 bytes failed: Only part of a ReadProcessMemory or WriteProcessMemory request was completed. (0x12B)
[0523/132133.681:WARNING:pe_image_reader.cc(340)] could not read dos header from C:\Windows\SYSTEM32\CRYPTBASE.DLL
[0523/132133.687:ERROR:process_memory_win.cc(73)] ReadMemory at 0x7ff60de50000 of 64 bytes failed: Only part of a ReadProcessMemory or WriteProcessMemory request was completed. (0x12B)
[0523/132133.688:WARNING:pe_image_reader.cc(340)] could not read dos header from C:\Program Files (x86)\Google\Chrome\Application\chrome.exe
[0523/132133.688:ERROR:process_memory_win.cc(73)] ReadMemory at 0x7ffbd7a00000 of 64 bytes failed: Only part of a ReadProcessMemory or WriteProcessMemory request was completed. (0x12B)
[0523/132133.688:WARNING:pe_image_reader.cc(340)] could not read dos header from C:\Windows\SYSTEM32\ntdll.dll
[0523/132133.688:ERROR:process_memory_win.cc(73)] ReadMemory at 0x7ffbd6c90000 of 64 bytes failed: Only part of a ReadProcessMemory or WriteProcessMemory request was completed. (0x12B)
[0523/132133.688:WARNING:pe_image_reader.cc(340)] could not read dos header from C:\Windows\System32\KERNEL32.DLL
[0523/132133.688:ERROR:process_memory_win.cc(73)] ReadMemory at 0x7ffbd5600000 of 64 bytes failed: Only part of a ReadProcessMemory or WriteProcessMemory request was completed. (0x12B)
[0523/132133.688:WARNING:pe_image_reader.cc(340)] could not read dos header from C:\Windows\System32\KERNELBASE.dll
[0523/132133.688:ERROR:process_memory_win.cc(73)] ReadMemory at 0x7ffb92d40000 of 64 bytes failed: Only part of a ReadProcessMemory or WriteProcessMemory request was completed. (0x12B)
[0523/132133.688:WARNING:pe_image_reader.cc(340)] could not read dos header from C:\Program Files (x86)\Google\Chrome\Application\81.0.4044.138\chrome_elf.dll
[0523/132133.688:ERROR:process_memory_win.cc(73)] ReadMemory at 0x7ffbcf2c0000 of 64 bytes failed: Only part of a ReadProcessMemory or WriteProcessMemory request was completed. (0x12B)
[0523/132133.688:WARNING:pe_image_reader.cc(340)] could not read dos header from C:\Windows\SYSTEM32\VERSION.dll
[0523/132133.688:ERROR:process_memory_win.cc(73)] ReadMemory at 0x242ed020000 of 64 bytes failed: Only part of a ReadProcessMemory or WriteProcessMemory request was completed. (0x12B)
[0523/132133.688:WARNING:pe_image_reader.cc(340)] could not read dos header from C:\Windows\System32\msvcrt.dll
[0523/132133.688:ERROR:process_memory_win.cc(73)] ReadMemory at 0x7ffbd5300000 of 64 bytes failed: Only part of a ReadProcessMemory or WriteProcessMemory request was completed. (0x12B)
[0523/132133.688:WARNING:pe_image_reader.cc(340)] could not read dos header from C:\Windows\System32\bcryptPrimitives.dll
[0523/132133.688:ERROR:process_memory_win.cc(73)] ReadMemory at 0x7ffbd6df0000 of 64 bytes failed: Only part of a ReadProcessMemory or WriteProcessMemory request was completed. (0x12B)
[0523/132133.688:WARNING:pe_image_reader.cc(340)] could not read dos header from C:\Windows\System32\ADVAPI32.dll
[0523/132133.688:ERROR:process_memory_win.cc(73)] ReadMemory at 0x7ffbd69d0000 of 64 bytes failed: Only part of a ReadProcessMemory or WriteProcessMemory request was completed. (0x12B)
[0523/132133.688:WARNING:pe_image_reader.cc(340)] could not read dos header from C:\Windows\System32\sechost.dll
[0523/132133.688:ERROR:process_memory_win.cc(73)] ReadMemory at 0x7ffbd6ee0000 of 64 bytes failed: Only part of a ReadProcessMemory or WriteProcessMemory request was completed. (0x12B)
[0523/132133.688:WARNING:pe_image_reader.cc(340)] could not read dos header from C:\Windows\System32\RPCRT4.dll
[0523/132133.688:ERROR:process_memory_win.cc(73)] ReadMemory at 0x7ffb5a080000 of 64 bytes failed: Only part of a ReadProcessMemory or WriteProcessMemory request was completed. (0x12B)
[0523/132133.688:WARNING:pe_image_reader.cc(340)] could not read dos header from C:\Program Files (x86)\Google\Chrome\Application\81.0.4044.138\chrome.dll
[0523/132133.688:ERROR:process_memory_win.cc(73)] ReadMemory at 0x7ffbd6c20000 of 64 bytes failed: Only part of a ReadProcessMemory or WriteProcessMemory request was completed. (0x12B)
[0523/132133.688:WARNING:pe_image_reader.cc(340)] could not read dos header from C:\Windows\System32\WS2_32.dll
[0523/132133.689:ERROR:process_memory_win.cc(73)] ReadMemory at 0x7ffbd7810000 of 64 bytes failed: Only part of a ReadProcessMemory or WriteProcessMemory request was completed. (0x12B)
[0523/132133.689:WARNING:pe_image_reader.cc(340)] could not read dos header from C:\Windows\System32\OLEAUT32.dll
[0523/132133.689:ERROR:process_memory_win.cc(73)] ReadMemory at 0x7ffbd5260000 of 64 bytes failed: Only part of a ReadProcessMemory or WriteProcessMemory request was completed. (0x12B)
[0523/132133.689:WARNING:pe_image_reader.cc(340)] could not read dos header from C:\Windows\System32\msvcp_win.dll
[0523/132133.689:ERROR:process_memory_win.cc(73)] ReadMemory at 0x7ffbd58b0000 of 64 bytes failed: Only part of a ReadProcessMemory or WriteProcessMemory request was completed. (0x12B)
[0523/132133.689:WARNING:pe_image_reader.cc(340)] could not read dos header from C:\Windows\System32\ucrtbase.dll
[0523/132133.689:ERROR:process_memory_win.cc(73)] ReadMemory at 0x7ffbd5d90000 of 64 bytes failed: Only part of a ReadProcessMemory or WriteProcessMemory request was completed. (0x12B)
[0523/132133.689:WARNING:pe_image_reader.cc(340)] could not read dos header from C:\Windows\System32\combase.dll
[0523/132133.689:ERROR:process_memory_win.cc(73)] ReadMemory at 0x7ffbd5a00000 of 64 bytes failed: Only part of a ReadProcessMemory or WriteProcessMemory request was completed. (0x12B)
[0523/132133.689:WARNING:pe_image_reader.cc(340)] could not read dos header from C:\Windows\System32\WINTRUST.dll
[0523/132133.689:ERROR:process_memory_win.cc(73)] ReadMemory at 0x7ffbd48d0000 of 64 bytes failed: Only part of a ReadProcessMemory or WriteProcessMemory request was completed. (0x12B)
[0523/132133.689:WARNING:pe_image_reader.cc(340)] could not read dos header from C:\Windows\System32\MSASN1.dll
[0523/132133.689:ERROR:process_memory_win.cc(73)] ReadMemory at 0x7ffbd5110000 of 64 bytes failed: Only part of a ReadProcessMemory or WriteProcessMemory request was completed. (0x12B)
[0523/132133.689:WARNING:pe_image_reader.cc(340)] could not read dos header from C:\Windows\System32\CRYPT32.dll
[0523/132133.689:ERROR:process_memory_win.cc(73)] ReadMemory at 0x7ffbd3de0000 of 64 bytes failed: Only part of a ReadProcessMemory or WriteProcessMemory request was completed. (0x12B)
[0523/132133.689:WARNING:pe_image_reader.cc(340)] could not read dos header from C:\Windows\SYSTEM32\IPHLPAPI.DLL
[0523/132133.689:ERROR:process_memory_win.cc(73)] ReadMemory at 0x7ffbd2820000 of 64 bytes failed: Only part of a ReadProcessMemory or WriteProcessMemory request was completed. (0x12B)
[0523/132133.689:WARNING:pe_image_reader.cc(340)] could not read dos header from C:\Windows\SYSTEM32\WINMM.dll
[0523/132133.689:ERROR:process_memory_win.cc(73)] ReadMemory at 0x7ffbc63c0000 of 64 bytes failed: Only part of a ReadProcessMemory or WriteProcessMemory request was completed. (0x12B)
[0523/132133.689:WARNING:pe_image_reader.cc(340)] could not read dos header from C:\Windows\SYSTEM32\Secur32.dll
[0523/132133.689:ERROR:process_memory_win.cc(73)] ReadMemory at 0x7ffbd47b0000 of 64 bytes failed: Only part of a ReadProcessMemory or WriteProcessMemory request was completed. (0x12B)
[0523/132133.689:WARNING:pe_image_reader.cc(340)] could not read dos header from C:\Windows\SYSTEM32\USERENV.dll
[0523/132133.689:ERROR:process_memory_win.cc(73)] ReadMemory at 0x7ffbd4910000 of 64 bytes failed: Only part of a ReadProcessMemory or WriteProcessMemory request was completed. (0x12B)
[0523/132133.689:WARNING:pe_image_reader.cc(340)] could not read dos header from C:\Windows\System32\profapi.dll
[0523/132133.689:ERROR:process_memory_win.cc(73)] ReadMemory at 0x7ffbb8500000 of 64 bytes failed: Only part of a ReadProcessMemory or WriteProcessMemory request was completed. (0x12B)
[0523/132133.689:WARNING:pe_image_reader.cc(340)] could not read dos header from C:\Windows\SYSTEM32\UIAutomationCore.DLL
[0523/132133.689:ERROR:process_memory_win.cc(73)] ReadMemory at 0x7ffbc9ed0000 of 64 bytes failed: Only part of a ReadProcessMemory or WriteProcessMemory request was completed. (0x12B)
[0523/132133.689:WARNING:pe_image_reader.cc(340)] could not read dos header from C:\Windows\SYSTEM32\DWrite.dll
[0523/132133.689:ERROR:process_memory_win.cc(73)] ReadMemory at 0x7ffbc0530000 of 64 bytes failed: Only part of a ReadProcessMemory or WriteProcessMemory request was completed. (0x12B)
[0523/132133.689:WARNING:pe_image_reader.cc(340)] could not read dos header from C:\Windows\SYSTEM32\WINSPOOL.DRV
[0523/132133.690:ERROR:process_memory_win.cc(73)] ReadMemory at 0x7ffbd48f0000 of 64 bytes failed: Only part of a ReadProcessMemory or WriteProcessMemory request was completed. (0x12B)
[0523/132133.690:WARNING:pe_image_reader.cc(340)] could not read dos header from C:\Windows\System32\kernel.appcore.dll
[0523/132133.690:ERROR:process_memory_win.cc(73)] ReadMemory at 0x7ffbd59b0000 of 64 bytes failed: Only part of a ReadProcessMemory or WriteProcessMemory request was completed. (0x12B)
[0523/132133.690:WARNING:pe_image_reader.cc(340)] could not read dos header from C:\Windows\System32\bcrypt.dll
[0523/132133.690:ERROR:process_memory_win.cc(73)] ReadMemory at 0x7ffbc2860000 of 64 bytes failed: Only part of a ReadProcessMemory or WriteProcessMemory request was completed. (0x12B)
[0523/132133.690:WARNING:pe_image_reader.cc(340)] could not read dos header from C:\Windows\SYSTEM32\dbghelp.dll
[0523/132133.690:ERROR:process_memory_win.cc(73)] ReadMemory at 0x7ffbccc50000 of 64 bytes failed: Only part of a ReadProcessMemory or WriteProcessMemory request was completed. (0x12B)
[0523/132133.690:WARNING:pe_image_reader.cc(340)] could not read dos header from C:\Windows\SYSTEM32\WINHTTP.dll
[0523/132133.690:ERROR:process_memory_win.cc(73)] ReadMemory at 0x7ffbce790000 of 64 bytes failed: Only part of a ReadProcessMemory or WriteProcessMemory request was completed. (0x12B)
[0523/132133.690:WARNING:pe_image_reader.cc(340)] could not read dos header from C:\Windows\SYSTEM32\dhcpcsvc.DLL
[0523/132133.690:ERROR:process_memory_win.cc(73)] ReadMemory at 0x7ffbd6210000 of 64 bytes failed: Only part of a ReadProcessMemory or WriteProcessMemory request was completed. (0x12B)
[0523/132133.690:WARNING:pe_image_reader.cc(340)] could not read dos header from C:\Windows\System32\NSI.dll
[0523/132133.690:ERROR:process_memory_win.cc(73)] ReadMemory at 0x7ffbd23a0000 of 64 bytes failed: Only part of a ReadProcessMemory or WriteProcessMemory request was completed. (0x12B)
[0523/132133.690:WARNING:pe_image_reader.cc(340)] could not read dos header from C:\Windows\SYSTEM32\WINMMBASE.dll
[0523/132133.690:ERROR:process_memory_win.cc(73)] ReadMemory at 0x7ffbd5a60000 of 64 bytes failed: Only part of a ReadProcessMemory or WriteProcessMemory request was completed. (0x12B)
[0523/132133.690:WARNING:pe_image_reader.cc(340)] could not read dos header from C:\Windows\System32\cfgmgr32.dll
[0523/132133.690:ERROR:process_memory_win.cc(73)] ReadMemory at 0x7ffbd0910000 of 64 bytes failed: Only part of a ReadProcessMemory or WriteProcessMemory request was completed. (0x12B)
[0523/132133.690:WARNING:pe_image_reader.cc(340)] could not read dos header from C:\Windows\SYSTEM32\PROPSYS.dll
[0523/132133.690:ERROR:process_memory_win.cc(73)] ReadMemory at 0x7ffbd5ce0000 of 64 bytes failed: Only part of a ReadProcessMemory or WriteProcessMemory request was completed. (0x12B)
[0523/132133.690:WARNING:pe_image_reader.cc(340)] could not read dos header from C:\Windows\System32\shcore.dll
[0523/132133.690:ERROR:process_memory_win.cc(73)] ReadMemory at 0x7ffbd47e0000 of 64 bytes failed: Only part of a ReadProcessMemory or WriteProcessMemory request was completed. (0x12B)
[0523/132133.690:WARNING:pe_image_reader.cc(340)] could not read dos header from C:\Windows\SYSTEM32\SSPICLI.DLL
[0523/132133.690:ERROR:process_memory_win.cc(73)] ReadMemory at 0x7ffbd42a0000 of 64 bytes failed: Only part of a ReadProcessMemory or WriteProcessMemory request was completed. (0x12B)
[0523/132133.690:WARNING:pe_image_reader.cc(340)] could not read dos header from C:\Windows\SYSTEM32\CRYPTBASE.DLL
[0523/132133.690:ERROR:process_memory_win.cc(73)] ReadMemory at 0x7ff60de50000 of 64 bytes failed: Only part of a ReadProcessMemory or WriteProcessMemory request was completed. (0x12B)
[0523/132133.690:WARNING:pe_image_reader.cc(340)] could not read dos header from C:\Program Files (x86)\Google\Chrome\Application\chrome.exe
[0523/132133.690:ERROR:process_memory_win.cc(73)] ReadMemory at 0x7ffbd7a00000 of 64 bytes failed: Only part of a ReadProcessMemory or WriteProcessMemory request was completed. (0x12B)
[0523/132133.690:WARNING:pe_image_reader.cc(340)] could not read dos header from C:\Windows\SYSTEM32\ntdll.dll
[0523/132133.690:ERROR:process_memory_win.cc(73)] ReadMemory at 0x7ffbd6c90000 of 64 bytes failed: Only part of a ReadProcessMemory or WriteProcessMemory request was completed. (0x12B)
[0523/132133.690:WARNING:pe_image_reader.cc(340)] could not read dos header from C:\Windows\System32\KERNEL32.DLL
[0523/132133.690:ERROR:process_memory_win.cc(73)] ReadMemory at 0x7ffbd5600000 of 64 bytes failed: Only part of a ReadProcessMemory or WriteProcessMemory request was completed. (0x12B)
[0523/132133.690:WARNING:pe_image_reader.cc(340)] could not read dos header from C:\Windows\System32\KERNELBASE.dll
[0523/132133.691:ERROR:process_memory_win.cc(73)] ReadMemory at 0x7ffb92d40000 of 64 bytes failed: Only part of a ReadProcessMemory or WriteProcessMemory request was completed. (0x12B)
[0523/132133.691:WARNING:pe_image_reader.cc(340)] could not read dos header from C:\Program Files (x86)\Google\Chrome\Application\81.0.4044.138\chrome_elf.dll
[0523/132133.691:ERROR:process_memory_win.cc(73)] ReadMemory at 0x7ffbcf2c0000 of 64 bytes failed: Only part of a ReadProcessMemory or WriteProcessMemory request was completed. (0x12B)
[0523/132133.691:WARNING:pe_image_reader.cc(340)] could not read dos header from C:\Windows\SYSTEM32\VERSION.dll
[0523/132133.691:ERROR:process_memory_win.cc(73)] ReadMemory at 0x242ed020000 of 64 bytes failed: Only part of a ReadProcessMemory or WriteProcessMemory request was completed. (0x12B)
[0523/132133.691:WARNING:pe_image_reader.cc(340)] could not read dos header from C:\Windows\System32\msvcrt.dll
[0523/132133.691:ERROR:process_memory_win.cc(73)] ReadMemory at 0x7ffbd5300000 of 64 bytes failed: Only part of a ReadProcessMemory or WriteProcessMemory request was completed. (0x12B)
[0523/132133.691:WARNING:pe_image_reader.cc(340)] could not read dos header from C:\Windows\System32\bcryptPrimitives.dll
[0523/132133.691:ERROR:process_memory_win.cc(73)] ReadMemory at 0x7ffbd6df0000 of 64 bytes failed: Only part of a ReadProcessMemory or WriteProcessMemory request was completed. (0x12B)
[0523/132133.691:WARNING:pe_image_reader.cc(340)] could not read dos header from C:\Windows\System32\ADVAPI32.dll
[0523/132133.691:ERROR:process_memory_win.cc(73)] ReadMemory at 0x7ffbd69d0000 of 64 bytes failed: Only part of a ReadProcessMemory or WriteProcessMemory request was completed. (0x12B)
[0523/132133.691:WARNING:pe_image_reader.cc(340)] could not read dos header from C:\Windows\System32\sechost.dll
[0523/132133.691:ERROR:process_memory_win.cc(73)] ReadMemory at 0x7ffbd6ee0000 of 64 bytes failed: Only part of a ReadProcessMemory or WriteProcessMemory request was completed. (0x12B)
[0523/132133.691:WARNING:pe_image_reader.cc(340)] could not read dos header from C:\Windows\System32\RPCRT4.dll
[0523/132133.691:ERROR:process_memory_win.cc(73)] ReadMemory at 0x7ffb5a080000 of 64 bytes failed: Only part of a ReadProcessMemory or WriteProcessMemory request was completed. (0x12B)
[0523/132133.691:WARNING:pe_image_reader.cc(340)] could not read dos header from C:\Program Files (x86)\Google\Chrome\Application\81.0.4044.138\chrome.dll
[0523/132133.691:ERROR:process_memory_win.cc(73)] ReadMemory at 0x7ffbd6c20000 of 64 bytes failed: Only part of a ReadProcessMemory or WriteProcessMemory request was completed. (0x12B)
[0523/132133.691:WARNING:pe_image_reader.cc(340)] could not read dos header from C:\Windows\System32\WS2_32.dll
[0523/132133.691:ERROR:process_memory_win.cc(73)] ReadMemory at 0x7ffbd7810000 of 64 bytes failed: Only part of a ReadProcessMemory or WriteProcessMemory request was completed. (0x12B)
[0523/132133.691:WARNING:pe_image_reader.cc(340)] could not read dos header from C:\Windows\System32\OLEAUT32.dll
[0523/132133.692:ERROR:process_memory_win.cc(73)] ReadMemory at 0x7ffbd5260000 of 64 bytes failed: Only part of a ReadProcessMemory or WriteProcessMemory request was completed. (0x12B)
[0523/132133.692:WARNING:pe_image_reader.cc(340)] could not read dos header from C:\Windows\System32\msvcp_win.dll
[0523/132133.692:ERROR:process_memory_win.cc(73)] ReadMemory at 0x7ffbd58b0000 of 64 bytes failed: Only part of a ReadProcessMemory or WriteProcessMemory request was completed. (0x12B)
[0523/132133.692:WARNING:pe_image_reader.cc(340)] could not read dos header from C:\Windows\System32\ucrtbase.dll
[0523/132133.692:ERROR:process_memory_win.cc(73)] ReadMemory at 0x7ffbd5d90000 of 64 bytes failed: Only part of a ReadProcessMemory or WriteProcessMemory request was completed. (0x12B)
[0523/132133.692:WARNING:pe_image_reader.cc(340)] could not read dos header from C:\Windows\System32\combase.dll
[0523/132133.692:ERROR:process_memory_win.cc(73)] ReadMemory at 0x7ffbd5a00000 of 64 bytes failed: Only part of a ReadProcessMemory or WriteProcessMemory request was completed. (0x12B)
[0523/132133.692:WARNING:pe_image_reader.cc(340)] could not read dos header from C:\Windows\System32\WINTRUST.dll
[0523/132133.692:ERROR:process_memory_win.cc(73)] ReadMemory at 0x7ffbd48d0000 of 64 bytes failed: Only part of a ReadProcessMemory or WriteProcessMemory request was completed. (0x12B)
[0523/132133.692:WARNING:pe_image_reader.cc(340)] could not read dos header from C:\Windows\System32\MSASN1.dll
[0523/132133.692:ERROR:process_memory_win.cc(73)] ReadMemory at 0x7ffbd5110000 of 64 bytes failed: Only part of a ReadProcessMemory or WriteProcessMemory request was completed. (0x12B)
[0523/132133.692:WARNING:pe_image_reader.cc(340)] could not read dos header from C:\Windows\System32\CRYPT32.dll
[0523/132133.692:ERROR:process_memory_win.cc(73)] ReadMemory at 0x7ffbd3de0000 of 64 bytes failed: Only part of a ReadProcessMemory or WriteProcessMemory request was completed. (0x12B)
[0523/132133.692:WARNING:pe_image_reader.cc(340)] could not read dos header from C:\Windows\SYSTEM32\IPHLPAPI.DLL
[0523/132133.692:ERROR:process_memory_win.cc(73)] ReadMemory at 0x7ffbd2820000 of 64 bytes failed: Only part of a ReadProcessMemory or WriteProcessMemory request was completed. (0x12B)
[0523/132133.692:WARNING:pe_image_reader.cc(340)] could not read dos header from C:\Windows\SYSTEM32\WINMM.dll
[0523/132133.692:ERROR:process_memory_win.cc(73)] ReadMemory at 0x7ffbc63c0000 of 64 bytes failed: Only part of a ReadProcessMemory or WriteProcessMemory request was completed. (0x12B)
[0523/132133.692:WARNING:pe_image_reader.cc(340)] could not read dos header from C:\Windows\SYSTEM32\Secur32.dll
[0523/132133.692:ERROR:process_memory_win.cc(73)] ReadMemory at 0x7ffbd47b0000 of 64 bytes failed: Only part of a ReadProcessMemory or WriteProcessMemory request was completed. (0x12B)
[0523/132133.692:WARNING:pe_image_reader.cc(340)] could not read dos header from C:\Windows\SYSTEM32\USERENV.dll
[0523/132133.692:ERROR:process_memory_win.cc(73)] ReadMemory at 0x7ffbd4910000 of 64 bytes failed: Only part of a ReadProcessMemory or WriteProcessMemory request was completed. (0x12B)
[0523/132133.692:WARNING:pe_image_reader.cc(340)] could not read dos header from C:\Windows\System32\profapi.dll
[0523/132133.692:ERROR:process_memory_win.cc(73)] ReadMemory at 0x7ffbb8500000 of 64 bytes failed: Only part of a ReadProcessMemory or WriteProcessMemory request was completed. (0x12B)
[0523/132133.692:WARNING:pe_image_reader.cc(340)] could not read dos header from C:\Windows\SYSTEM32\UIAutomationCore.DLL
[0523/132133.693:ERROR:process_memory_win.cc(73)] ReadMemory at 0x7ffbc9ed0000 of 64 bytes failed: Only part of a ReadProcessMemory or WriteProcessMemory request was completed. (0x12B)
[0523/132133.693:WARNING:pe_image_reader.cc(340)] could not read dos header from C:\Windows\SYSTEM32\DWrite.dll
[0523/132133.693:ERROR:process_memory_win.cc(73)] ReadMemory at 0x7ffbc0530000 of 64 bytes failed: Only part of a ReadProcessMemory or WriteProcessMemory request was completed. (0x12B)
[0523/132133.693:WARNING:pe_image_reader.cc(340)] could not read dos header from C:\Windows\SYSTEM32\WINSPOOL.DRV
[0523/132133.693:ERROR:process_memory_win.cc(73)] ReadMemory at 0x7ffbd48f0000 of 64 bytes failed: Only part of a ReadProcessMemory or WriteProcessMemory request was completed. (0x12B)
[0523/132133.693:WARNING:pe_image_reader.cc(340)] could not read dos header from C:\Windows\System32\kernel.appcore.dll
[0523/132133.693:ERROR:process_memory_win.cc(73)] ReadMemory at 0x7ffbd59b0000 of 64 bytes failed: Only part of a ReadProcessMemory or WriteProcessMemory request was completed. (0x12B)
[0523/132133.693:WARNING:pe_image_reader.cc(340)] could not read dos header from C:\Windows\System32\bcrypt.dll
[0523/132133.693:ERROR:process_memory_win.cc(73)] ReadMemory at 0x7ffbc2860000 of 64 bytes failed: Only part of a ReadProcessMemory or WriteProcessMemory request was completed. (0x12B)
[0523/132133.693:WARNING:pe_image_reader.cc(340)] could not read dos header from C:\Windows\SYSTEM32\dbghelp.dll
[0523/132133.693:ERROR:process_memory_win.cc(73)] ReadMemory at 0x7ffbccc50000 of 64 bytes failed: Only part of a ReadProcessMemory or WriteProcessMemory request was completed. (0x12B)
[0523/132133.693:WARNING:pe_image_reader.cc(340)] could not read dos header from C:\Windows\SYSTEM32\WINHTTP.dll
[0523/132133.693:ERROR:process_memory_win.cc(73)] ReadMemory at 0x7ffbce790000 of 64 bytes failed: Only part of a ReadProcessMemory or WriteProcessMemory request was completed. (0x12B)
[0523/132133.693:WARNING:pe_image_reader.cc(340)] could not read dos header from C:\Windows\SYSTEM32\dhcpcsvc.DLL
[0523/132133.693:ERROR:process_memory_win.cc(73)] ReadMemory at 0x7ffbd6210000 of 64 bytes failed: Only part of a ReadProcessMemory or WriteProcessMemory request was completed. (0x12B)
[0523/132133.693:WARNING:pe_image_reader.cc(340)] could not read dos header from C:\Windows\System32\NSI.dll
[0523/132133.693:ERROR:process_memory_win.cc(73)] ReadMemory at 0x7ffbd23a0000 of 64 bytes failed: Only part of a ReadProcessMemory or WriteProcessMemory request was completed. (0x12B)
[0523/132133.693:WARNING:pe_image_reader.cc(340)] could not read dos header from C:\Windows\SYSTEM32\WINMMBASE.dll
[0523/132133.693:ERROR:process_memory_win.cc(73)] ReadMemory at 0x7ffbd5a60000 of 64 bytes failed: Only part of a ReadProcessMemory or WriteProcessMemory request was completed. (0x12B)
[0523/132133.693:WARNING:pe_image_reader.cc(340)] could not read dos header from C:\Windows\System32\cfgmgr32.dll
[0523/132133.693:ERROR:process_memory_win.cc(73)] ReadMemory at 0x7ffbd0910000 of 64 bytes failed: Only part of a ReadProcessMemory or WriteProcessMemory request was completed. (0x12B)
[0523/132133.693:WARNING:pe_image_reader.cc(340)] could not read dos header from C:\Windows\SYSTEM32\PROPSYS.dll
[0523/132133.693:ERROR:process_memory_win.cc(73)] ReadMemory at 0x7ffbd5ce0000 of 64 bytes failed: Only part of a ReadProcessMemory or WriteProcessMemory request was completed. (0x12B)
[0523/132133.693:WARNING:pe_image_reader.cc(340)] could not read dos header from C:\Windows\System32\shcore.dll
[0523/132133.694:ERROR:process_memory_win.cc(73)] ReadMemory at 0x7ffbd47e0000 of 64 bytes failed: Only part of a ReadProcessMemory or WriteProcessMemory request was completed. (0x12B)
[0523/132133.694:WARNING:pe_image_reader.cc(340)] could not read dos header from C:\Windows\SYSTEM32\SSPICLI.DLL
[0523/132133.694:ERROR:process_memory_win.cc(73)] ReadMemory at 0x7ffbd42a0000 of 64 bytes failed: Only part of a ReadProcessMemory or WriteProcessMemory request was completed. (0x12B)
[0523/132133.694:WARNING:pe_image_reader.cc(340)] could not read dos header from C:\Windows\SYSTEM32\CRYPTBASE.DLL
[0523/132133.709:ERROR:process_memory_win.cc(73)] ReadMemory at 0xf82f5f6000 of 40960 bytes failed: Only part of a ReadProcessMemory or WriteProcessMemory request was completed. (0x12B)
[0523/132133.709:ERROR:process_memory_win.cc(73)] ReadMemory at 0xf82fdfd000 of 12288 bytes failed: Only part of a ReadProcessMemory or WriteProcessMemory request was completed. (0x12B)
[0523/132133.709:ERROR:process_memory_win.cc(73)] ReadMemory at 0xf8305f9000 of 28672 bytes failed: Only part of a ReadProcessMemory or WriteProcessMemory request was completed. (0x12B)
[0523/132133.709:ERROR:process_memory_win.cc(73)] ReadMemory at 0xf830dfc000 of 16384 bytes failed: Only part of a ReadProcessMemory or WriteProcessMemory request was completed. (0x12B)
[0523/132133.709:ERROR:process_memory_win.cc(73)] ReadMemory at 0xf8315fb000 of 20480 bytes failed: Only part of a ReadProcessMemory or WriteProcessMemory request was completed. (0x12B)
[0523/132133.709:ERROR:process_memory_win.cc(73)] ReadMemory at 0xf831dff000 of 4096 bytes failed: Only part of a ReadProcessMemory or WriteProcessMemory request was completed. (0x12B)
[0523/132133.710:ERROR:process_memory_win.cc(73)] ReadMemory at 0xf8325fd000 of 12288 bytes failed: Only part of a ReadProcessMemory or WriteProcessMemory request was completed. (0x12B)
[0523/132133.710:ERROR:process_memory_win.cc(73)] ReadMemory at 0xf832dfc000 of 16384 bytes failed: Only part of a ReadProcessMemory or WriteProcessMemory request was completed. (0x12B)
[0523/132133.710:ERROR:process_memory_win.cc(73)] ReadMemory at 0xf8335fc000 of 16384 bytes failed: Only part of a ReadProcessMemory or WriteProcessMemory request was completed. (0x12B)
[0523/132133.710:ERROR:process_memory_win.cc(73)] ReadMemory at 0xf833dfd000 of 12288 bytes failed: Only part of a ReadProcessMemory or WriteProcessMemory request was completed. (0x12B)
[0523/132133.710:ERROR:process_memory_win.cc(73)] ReadMemory at 0xf8345fd000 of 12288 bytes failed: Only part of a ReadProcessMemory or WriteProcessMemory request was completed. (0x12B)
[0523/132133.710:ERROR:process_memory_win.cc(73)] ReadMemory at 0xf834dfd000 of 12288 bytes failed: Only part of a ReadProcessMemory or WriteProcessMemory request was completed. (0x12B)
[0523/132133.710:ERROR:process_memory_win.cc(73)] ReadMemory at 0xf8355fd000 of 12288 bytes failed: Only part of a ReadProcessMemory or WriteProcessMemory request was completed. (0x12B)
[0523/132133.710:ERROR:process_memory_win.cc(73)] ReadMemory at 0xf835dfd000 of 12288 bytes failed: Only part of a ReadProcessMemory or WriteProcessMemory request was completed. (0x12B)
[0523/132133.710:ERROR:process_memory_win.cc(73)] ReadMemory at 0xf8365fd000 of 12288 bytes failed: Only part of a ReadProcessMemory or WriteProcessMemory request was completed. (0x12B)
[0523/132133.710:ERROR:process_memory_win.cc(73)] ReadMemory at 0xf8375fc000 of 16384 bytes failed: Only part of a ReadProcessMemory or WriteProcessMemory request was completed. (0x12B)
[0523/132133.710:ERROR:process_memory_win.cc(73)] ReadMemory at 0xf82ed1e000 of 852 bytes failed: Only part of a ReadProcessMemory or WriteProcessMemory request was completed. (0x12B)
[0523/132133.710:ERROR:process_memory_win.cc(73)] ReadMemory at 0xf82ed1f000 of 6024 bytes failed: Only part of a ReadProcessMemory or WriteProcessMemory request was completed. (0x12B)
[0523/132133.711:ERROR:process_memory_win.cc(73)] ReadMemory at 0xf82ed21000 of 6024 bytes failed: Only part of a ReadProcessMemory or WriteProcessMemory request was completed. (0x12B)
[0523/132133.711:ERROR:process_memory_win.cc(73)] ReadMemory at 0xf82ed23000 of 6024 bytes failed: Only part of a ReadProcessMemory or WriteProcessMemory request was completed. (0x12B)
[0523/132133.711:ERROR:process_memory_win.cc(73)] ReadMemory at 0xf82ed25000 of 6024 bytes failed: Only part of a ReadProcessMemory or WriteProcessMemory request was completed. (0x12B)
[0523/132133.711:ERROR:process_memory_win.cc(73)] ReadMemory at 0xf82ed27000 of 6024 bytes failed: Only part of a ReadProcessMemory or WriteProcessMemory request was completed. (0x12B)
[0523/132133.711:ERROR:process_memory_win.cc(73)] ReadMemory at 0xf82ed29000 of 6024 bytes failed: Only part of a ReadProcessMemory or WriteProcessMemory request was completed. (0x12B)
[0523/132133.711:ERROR:process_memory_win.cc(73)] ReadMemory at 0xf82ed2b000 of 6024 bytes failed: Only part of a ReadProcessMemory or WriteProcessMemory request was completed. (0x12B)
[0523/132133.711:ERROR:process_memory_win.cc(73)] ReadMemory at 0xf82ed2d000 of 6024 bytes failed: Only part of a ReadProcessMemory or WriteProcessMemory request was completed. (0x12B)
[0523/132133.711:ERROR:process_memory_win.cc(73)] ReadMemory at 0xf82ed2f000 of 6024 bytes failed: Only part of a ReadProcessMemory or WriteProcessMemory request was completed. (0x12B)
[0523/132133.711:ERROR:process_memory_win.cc(73)] ReadMemory at 0xf82ed31000 of 6024 bytes failed: Only part of a ReadProcessMemory or WriteProcessMemory request was completed. (0x12B)
[0523/132133.711:ERROR:process_memory_win.cc(73)] ReadMemory at 0xf82ed33000 of 6024 bytes failed: Only part of a ReadProcessMemory or WriteProcessMemory request was completed. (0x12B)
[0523/132133.711:ERROR:process_memory_win.cc(73)] ReadMemory at 0xf82ed35000 of 6024 bytes failed: Only part of a ReadProcessMemory or WriteProcessMemory request was completed. (0x12B)
[0523/132133.711:ERROR:process_memory_win.cc(73)] ReadMemory at 0xf82ed37000 of 6024 bytes failed: Only part of a ReadProcessMemory or WriteProcessMemory request was completed. (0x12B)
[0523/132133.711:ERROR:process_memory_win.cc(73)] ReadMemory at 0xf82ed39000 of 6024 bytes failed: Only part of a ReadProcessMemory or WriteProcessMemory request was completed. (0x12B)
[0523/132133.712:ERROR:process_memory_win.cc(73)] ReadMemory at 0xf82ed3b000 of 6024 bytes failed: Only part of a ReadProcessMemory or WriteProcessMemory request was completed. (0x12B)
[0523/132133.712:ERROR:process_memory_win.cc(73)] ReadMemory at 0xf82ed3f000 of 6024 bytes failed: Only part of a ReadProcessMemory or WriteProcessMemory request was completed. (0x12B)
[0523/132133.712:ERROR:process_memory_win.cc(73)] ReadMemory at 0x242ecde0fe0 of 4438 bytes failed: Only part of a ReadProcessMemory or WriteProcessMemory request was completed. (0x12B)
[0523/132133.712:ERROR:process_memory_win.cc(73)] ReadMemory at 0x242ecde2140 of 1012 bytes failed: Only part of a ReadProcessMemory or WriteProcessMemory request was completed. (0x12B)
[0523/132133.712:ERROR:process_memory_win.cc(73)] ReadMemory at 0x242ecde2788 of 118 bytes failed: Only part of a ReadProcessMemory or WriteProcessMemory request was completed. (0x12B)
[0523/132133.712:ERROR:process_memory_win.cc(73)] ReadMemory at 0x242ecde2800 of 750 bytes failed: Only part of a ReadProcessMemory or WriteProcessMemory request was completed. (0x12B)
[0523/132133.712:ERROR:process_memory_win.cc(73)] ReadMemory at 0x242ecde2af0 of 118 bytes failed: Only part of a ReadProcessMemory or WriteProcessMemory request was completed. (0x12B)
[0523/132133.712:ERROR:process_memory_win.cc(73)] ReadMemory at 0x242ecde2b68 of 100 bytes failed: Only part of a ReadProcessMemory or WriteProcessMemory request was completed. (0x12B)
[0523/132133.712:ERROR:process_memory_win.cc(73)] ReadMemory at 0x242ecde2be0 of 58 bytes failed: Only part of a ReadProcessMemory or WriteProcessMemory request was completed. (0x12B)
[0523/132133.712:ERROR:process_memory_win.cc(73)] ReadMemory at 0x242ecde2ce0 of 132 bytes failed: Only part of a ReadProcessMemory or WriteProcessMemory request was completed. (0x12B)
[0523/132133.712:ERROR:process_memory_win.cc(73)] ReadMemory at 0x242ecde2e70 of 132 bytes failed: Only part of a ReadProcessMemory or WriteProcessMemory request was completed. (0x12B)
[0523/132133.712:ERROR:process_memory_win.cc(73)] ReadMemory at 0x242ecde3030 of 126 bytes failed: Only part of a ReadProcessMemory or WriteProcessMemory request was completed. (0x12B)
[0523/132133.712:ERROR:process_memory_win.cc(73)] ReadMemory at 0x242ecde3410 of 132 bytes failed: Only part of a ReadProcessMemory or WriteProcessMemory request was completed. (0x12B)
[0523/132133.712:ERROR:process_memory_win.cc(73)] ReadMemory at 0x242ecde35a0 of 64 bytes failed: Only part of a ReadProcessMemory or WriteProcessMemory request was completed. (0x12B)
[0523/132133.712:ERROR:process_memory_win.cc(73)] ReadMemory at 0x242ecde35f0 of 132 bytes failed: Only part of a ReadProcessMemory or WriteProcessMemory request was completed. (0x12B)
[0523/132133.713:ERROR:process_memory_win.cc(73)] ReadMemory at 0x242ecde3760 of 132 bytes failed: Only part of a ReadProcessMemory or WriteProcessMemory request was completed. (0x12B)
[0523/132133.713:ERROR:process_memory_win.cc(73)] ReadMemory at 0x242ecde3a00 of 132 bytes failed: Only part of a ReadProcessMemory or WriteProcessMemory request was completed. (0x12B)
[0523/132133.713:ERROR:process_memory_win.cc(73)] ReadMemory at 0x242ecde3b90 of 68 bytes failed: Only part of a ReadProcessMemory or WriteProcessMemory request was completed. (0x12B)
[0523/132133.713:ERROR:process_memory_win.cc(73)] ReadMemory at 0x242ecde4b70 of 146 bytes failed: Only part of a ReadProcessMemory or WriteProcessMemory request was completed. (0x12B)
[0523/132133.713:ERROR:process_memory_win.cc(73)] ReadMemory at 0x242ecde4c50 of 132 bytes failed: Only part of a ReadProcessMemory or WriteProcessMemory request was completed. (0x12B)
[0523/132133.713:ERROR:process_memory_win.cc(73)] ReadMemory at 0x242ecde4de0 of 154 bytes failed: Only part of a ReadProcessMemory or WriteProcessMemory request was completed. (0x12B)
[0523/132133.713:ERROR:process_memory_win.cc(73)] ReadMemory at 0x242ecde5c90 of 62 bytes failed: Only part of a ReadProcessMemory or WriteProcessMemory request was completed. (0x12B)
[0523/132133.713:ERROR:process_memory_win.cc(73)] ReadMemory at 0x242ecde5ce0 of 132 bytes failed: Only part of a ReadProcessMemory or WriteProcessMemory request was completed. (0x12B)
[0523/132133.713:ERROR:process_memory_win.cc(73)] ReadMemory at 0x242ecde5e80 of 132 bytes failed: Only part of a ReadProcessMemory or WriteProcessMemory request was completed. (0x12B)
[0523/132133.713:ERROR:process_memory_win.cc(73)] ReadMemory at 0x242ecde5fb0 of 60 bytes failed: Only part of a ReadProcessMemory or WriteProcessMemory request was completed. (0x12B)
[0523/132133.713:ERROR:process_memory_win.cc(73)] ReadMemory at 0x242ecde9ec0 of 132 bytes failed: Only part of a ReadProcessMemory or WriteProcessMemory request was completed. (0x12B)
[0523/132133.713:ERROR:process_memory_win.cc(73)] ReadMemory at 0x242ecdea0d0 of 132 bytes failed: Only part of a ReadProcessMemory or WriteProcessMemory request was completed. (0x12B)
[0523/132133.713:ERROR:process_memory_win.cc(73)] ReadMemory at 0x242ecdea550 of 64 bytes failed: Only part of a ReadProcessMemory or WriteProcessMemory request was completed. (0x12B)
[0523/132133.713:ERROR:process_memory_win.cc(73)] ReadMemory at 0x242ecdea5a0 of 62 bytes failed: Only part of a ReadProcessMemory or WriteProcessMemory request was completed. (0x12B)
[0523/132133.713:ERROR:process_memory_win.cc(73)] ReadMemory at 0x242ecdea690 of 64 bytes failed: Only part of a ReadProcessMemory or WriteProcessMemory request was completed. (0x12B)
[0523/132133.713:ERROR:process_memory_win.cc(73)] ReadMemory at 0x242ecdea730 of 62 bytes failed: Only part of a ReadProcessMemory or WriteProcessMemory request was completed. (0x12B)
[0523/132133.713:ERROR:process_memory_win.cc(73)] ReadMemory at 0x242ecdea8c0 of 60 bytes failed: Only part of a ReadProcessMemory or WriteProcessMemory request was completed. (0x12B)
[0523/132133.714:ERROR:process_memory_win.cc(73)] ReadMemory at 0x242ecdea9b0 of 64 bytes failed: Only part of a ReadProcessMemory or WriteProcessMemory request was completed. (0x12B)
[0523/132133.714:ERROR:process_memory_win.cc(73)] ReadMemory at 0x242ecdeab40 of 60 bytes failed: Only part of a ReadProcessMemory or WriteProcessMemory request was completed. (0x12B)
[0523/132133.714:ERROR:process_memory_win.cc(73)] ReadMemory at 0x242ecdeabe0 of 64 bytes failed: Only part of a ReadProcessMemory or WriteProcessMemory request was completed. (0x12B)
[0523/132133.714:ERROR:process_memory_win.cc(73)] ReadMemory at 0x242ecdeac30 of 66 bytes failed: Only part of a ReadProcessMemory or WriteProcessMemory request was completed. (0x12B)
[0523/132133.714:ERROR:process_memory_win.cc(73)] ReadMemory at 0x242ecdeb210 of 132 bytes failed: Only part of a ReadProcessMemory or WriteProcessMemory request was completed. (0x12B)
[0523/132133.714:ERROR:process_memory_win.cc(73)] ReadMemory at 0x242ecdeb340 of 132 bytes failed: Only part of a ReadProcessMemory or WriteProcessMemory request was completed. (0x12B)
[0523/132133.714:ERROR:process_memory_win.cc(73)] ReadMemory at 0x242ecdeb9a0 of 80 bytes failed: Only part of a ReadProcessMemory or WriteProcessMemory request was completed. (0x12B)
[0523/132133.714:ERROR:process_memory_win.cc(73)] ReadMemory at 0x242ecdec5e0 of 132 bytes failed: Only part of a ReadProcessMemory or WriteProcessMemory request was completed. (0x12B)
[0523/132133.714:ERROR:process_memory_win.cc(73)] ReadMemory at 0x242ecdec710 of 132 bytes failed: Only part of a ReadProcessMemory or WriteProcessMemory request was completed. (0x12B)
[0523/132133.714:ERROR:process_memory_win.cc(73)] ReadMemory at 0x242ecdec840 of 132 bytes failed: Only part of a ReadProcessMemory or WriteProcessMemory request was completed. (0x12B)
[0523/132133.714:ERROR:process_memory_win.cc(73)] ReadMemory at 0x242ecdec970 of 132 bytes failed: Only part of a ReadProcessMemory or WriteProcessMemory request was completed. (0x12B)
[0523/132133.714:ERROR:process_memory_win.cc(73)] ReadMemory at 0x242ecdecaa0 of 132 bytes failed: Only part of a ReadProcessMemory or WriteProcessMemory request was completed. (0x12B)
[0523/132133.714:ERROR:process_memory_win.cc(73)] ReadMemory at 0x242ecdecbd0 of 132 bytes failed: Only part of a ReadProcessMemory or WriteProcessMemory request was completed. (0x12B)
[0523/132133.714:ERROR:process_memory_win.cc(73)] ReadMemory at 0x242ecdecd00 of 132 bytes failed: Only part of a ReadProcessMemory or WriteProcessMemory request was completed. (0x12B)
[0523/132133.714:ERROR:process_memory_win.cc(73)] ReadMemory at 0x242ecdece30 of 132 bytes failed: Only part of a ReadProcessMemory or WriteProcessMemory request was completed. (0x12B)
[0523/132133.714:ERROR:process_memory_win.cc(73)] ReadMemory at 0x242ecdecf60 of 132 bytes failed: Only part of a ReadProcessMemory or WriteProcessMemory request was completed. (0x12B)
[0523/132133.714:ERROR:process_memory_win.cc(73)] ReadMemory at 0x242ecded090 of 132 bytes failed: Only part of a ReadProcessMemory or WriteProcessMemory request was completed. (0x12B)
[0523/132133.714:ERROR:process_memory_win.cc(73)] ReadMemory at 0x242ecded2f0 of 132 bytes failed: Only part of a ReadProcessMemory or WriteProcessMemory request was completed. (0x12B)
[0523/132133.715:ERROR:process_memory_win.cc(73)] ReadMemory at 0x242ecded420 of 132 bytes failed: Only part of a ReadProcessMemory or WriteProcessMemory request was completed. (0x12B)
[0523/132133.715:ERROR:process_memory_win.cc(73)] ReadMemory at 0x242ecdef580 of 132 bytes failed: Only part of a ReadProcessMemory or WriteProcessMemory request was completed. (0x12B)
[0523/132133.715:ERROR:process_memory_win.cc(73)] ReadMemory at 0x242ecdef7a0 of 132 bytes failed: Only part of a ReadProcessMemory or WriteProcessMemory request was completed. (0x12B)
[0523/132133.715:ERROR:process_memory_win.cc(73)] ReadMemory at 0x242ecdf1e20 of 132 bytes failed: Only part of a ReadProcessMemory or WriteProcessMemory request was completed. (0x12B)
[0523/132133.715:ERROR:process_memory_win.cc(73)] ReadMemory at 0x242ecdf3be0 of 54 bytes failed: Only part of a ReadProcessMemory or WriteProcessMemory request was completed. (0x12B)
[0523/132133.715:ERROR:process_memory_win.cc(73)] ReadMemory at 0x242ecdf4c90 of 132 bytes failed: Only part of a ReadProcessMemory or WriteProcessMemory request was completed. (0x12B)
[0523/132133.715:ERROR:process_memory_win.cc(73)] ReadMemory at 0x242ecdf4d40 of 512 bytes failed: Only part of a ReadProcessMemory or WriteProcessMemory request was completed. (0x12B)
[0523/132133.715:ERROR:process_memory_win.cc(73)] ReadMemory at 0x242ecdf5860 of 80 bytes failed: Only part of a ReadProcessMemory or WriteProcessMemory request was completed. (0x12B)
[0523/132133.715:ERROR:process_memory_win.cc(73)] ReadMemory at 0x242ecdf5a40 of 76 bytes failed: Only part of a ReadProcessMemory or WriteProcessMemory request was completed. (0x12B)
[0523/132133.715:ERROR:process_memory_win.cc(73)] ReadMemory at 0x242ecdf6030 of 62 bytes failed: Only part of a ReadProcessMemory or WriteProcessMemory request was completed. (0x12B)
[0523/132133.715:ERROR:process_memory_win.cc(73)] ReadMemory at 0x242ecdf6080 of 60 bytes failed: Only part of a ReadProcessMemory or WriteProcessMemory request was completed. (0x12B)
[0523/132133.715:ERROR:process_memory_win.cc(73)] ReadMemory at 0x242ecdf60d0 of 62 bytes failed: Only part of a ReadProcessMemory or WriteProcessMemory request was completed. (0x12B)
[0523/132133.715:ERROR:process_memory_win.cc(73)] ReadMemory at 0x242ecdf6120 of 58 bytes failed: Only part of a ReadProcessMemory or WriteProcessMemory request was completed. (0x12B)
[0523/132133.715:ERROR:process_memory_win.cc(73)] ReadMemory at 0x242ecdf61c0 of 64 bytes failed: Only part of a ReadProcessMemory or WriteProcessMemory request was completed. (0x12B)
[0523/132133.715:ERROR:process_memory_win.cc(73)] ReadMemory at 0x242ecdf6210 of 64 bytes failed: Only part of a ReadProcessMemory or WriteProcessMemory request was completed. (0x12B)
[0523/132133.716:ERROR:process_memory_win.cc(73)] ReadMemory at 0x242ecdf62b0 of 62 bytes failed: Only part of a ReadProcessMemory or WriteProcessMemory request was completed. (0x12B)
[0523/132133.716:ERROR:process_memory_win.cc(73)] ReadMemory at 0x242ecdf6300 of 66 bytes failed: Only part of a ReadProcessMemory or WriteProcessMemory request was completed. (0x12B)
[0523/132133.716:ERROR:process_memory_win.cc(73)] ReadMemory at 0x242ecdf63a0 of 60 bytes failed: Only part of a ReadProcessMemory or WriteProcessMemory request was completed. (0x12B)
[0523/132133.716:ERROR:process_memory_win.cc(73)] ReadMemory at 0x242ecdf6580 of 62 bytes failed: Only part of a ReadProcessMemory or WriteProcessMemory request was completed. (0x12B)
[0523/132133.716:ERROR:process_memory_win.cc(73)] ReadMemory at 0x242ecdf65d0 of 62 bytes failed: Only part of a ReadProcessMemory or WriteProcessMemory request was completed. (0x12B)
[0523/132133.716:ERROR:process_memory_win.cc(73)] ReadMemory at 0x242ecdf6620 of 62 bytes failed: Only part of a ReadProcessMemory or WriteProcessMemory request was completed. (0x12B)
[0523/132133.716:ERROR:process_memory_win.cc(73)] ReadMemory at 0x242ecdf6760 of 60 bytes failed: Only part of a ReadProcessMemory or WriteProcessMemory request was completed. (0x12B)
[0523/132133.716:ERROR:process_memory_win.cc(73)] ReadMemory at 0x242ecdf6850 of 64 bytes failed: Only part of a ReadProcessMemory or WriteProcessMemory request was completed. (0x12B)
[0523/132133.716:ERROR:process_memory_win.cc(73)] ReadMemory at 0x242ecdf6990 of 62 bytes failed: Only part of a ReadProcessMemory or WriteProcessMemory request was completed. (0x12B)
[0523/132133.717:ERROR:process_memory_win.cc(73)] ReadMemory at 0x242ecdf6a30 of 64 bytes failed: Only part of a ReadProcessMemory or WriteProcessMemory request was completed. (0x12B)
[0523/132133.717:ERROR:process_memory_win.cc(73)] ReadMemory at 0x242ecdf6e40 of 60 bytes failed: Only part of a ReadProcessMemory or WriteProcessMemory request was completed. (0x12B)
[0523/132133.717:ERROR:process_memory_win.cc(73)] ReadMemory at 0x242ecdf6ee0 of 62 bytes failed: Only part of a ReadProcessMemory or WriteProcessMemory request was completed. (0x12B)
[0523/132133.717:ERROR:process_memory_win.cc(73)] ReadMemory at 0x242ecdf7040 of 132 bytes failed: Only part of a ReadProcessMemory or WriteProcessMemory request was completed. (0x12B)
[0523/132133.717:ERROR:process_memory_win.cc(73)] ReadMemory at 0x242ecdf72a0 of 132 bytes failed: Only part of a ReadProcessMemory or WriteProcessMemory request was completed. (0x12B)
[0523/132133.717:ERROR:process_memory_win.cc(73)] ReadMemory at 0x242ecdf7760 of 132 bytes failed: Only part of a ReadProcessMemory or WriteProcessMemory request was completed. (0x12B)
[0523/132133.717:ERROR:process_memory_win.cc(73)] ReadMemory at 0x242ecdf7890 of 132 bytes failed: Only part of a ReadProcessMemory or WriteProcessMemory request was completed. (0x12B)
[0523/132133.717:ERROR:process_memory_win.cc(73)] ReadMemory at 0x242ecdf7d50 of 132 bytes failed: Only part of a ReadProcessMemory or WriteProcessMemory request was completed. (0x12B)
[0523/132133.717:ERROR:process_memory_win.cc(73)] ReadMemory at 0x242ecdf7fb0 of 132 bytes failed: Only part of a ReadProcessMemory or WriteProcessMemory request was completed. (0x12B)
[0523/132133.717:ERROR:process_memory_win.cc(73)] ReadMemory at 0x242ecdf8340 of 132 bytes failed: Only part of a ReadProcessMemory or WriteProcessMemory request was completed. (0x12B)
[0523/132133.717:ERROR:process_memory_win.cc(73)] ReadMemory at 0x242ecdf8470 of 132 bytes failed: Only part of a ReadProcessMemory or WriteProcessMemory request was completed. (0x12B)
[0523/132133.717:ERROR:process_memory_win.cc(73)] ReadMemory at 0x242ecdf8930 of 132 bytes failed: Only part of a ReadProcessMemory or WriteProcessMemory request was completed. (0x12B)
[0523/132133.717:ERROR:process_memory_win.cc(73)] ReadMemory at 0x242ecdf8b90 of 132 bytes failed: Only part of a ReadProcessMemory or WriteProcessMemory request was completed. (0x12B)
[0523/132133.718:ERROR:process_memory_win.cc(73)] ReadMemory at 0x242ece0f020 of 512 bytes failed: Only part of a ReadProcessMemory or WriteProcessMemory request was completed. (0x12B)
[0523/132133.718:ERROR:process_memory_win.cc(73)] ReadMemory at 0x242ed5433e0 of 512 bytes failed: Only part of a ReadProcessMemory or WriteProcessMemory request was completed. (0x12B)
[0523/132133.718:ERROR:process_memory_win.cc(73)] ReadMemory at 0x242ed543ce0 of 512 bytes failed: Only part of a ReadProcessMemory or WriteProcessMemory request was completed. (0x12B)
[0523/132133.718:ERROR:process_memory_win.cc(73)] ReadMemory at 0x242ed54bfc0 of 512 bytes failed: Only part of a ReadProcessMemory or WriteProcessMemory request was completed. (0x12B)
[0523/132133.718:ERROR:process_memory_win.cc(73)] ReadMemory at 0x242ed551188 of 512 bytes failed: Only part of a ReadProcessMemory or WriteProcessMemory request was completed. (0x12B)
[0523/132133.718:ERROR:process_memory_win.cc(73)] ReadMemory at 0x242ed55b9e0 of 512 bytes failed: Only part of a ReadProcessMemory or WriteProcessMemory request was completed. (0x12B)
[0523/132133.718:ERROR:process_memory_win.cc(73)] ReadMemory at 0x242ed55dec0 of 712 bytes failed: Only part of a ReadProcessMemory or WriteProcessMemory request was completed. (0x12B)
[0523/132133.718:ERROR:process_memory_win.cc(73)] ReadMemory at 0x242ed60d7f0 of 512 bytes failed: Only part of a ReadProcessMemory or WriteProcessMemory request was completed. (0x12B)
[0523/132133.718:ERROR:process_memory_win.cc(73)] ReadMemory at 0x242eec9f140 of 512 bytes failed: Only part of a ReadProcessMemory or WriteProcessMemory request was completed. (0x12B)
[0523/132133.718:ERROR:process_memory_win.cc(73)] ReadMemory at 0x242eecbeec8 of 512 bytes failed: Only part of a ReadProcessMemory or WriteProcessMemory request was completed. (0x12B)
[0523/132133.718:ERROR:process_memory_win.cc(73)] ReadMemory at 0x242eedcc0e0 of 512 bytes failed: Only part of a ReadProcessMemory or WriteProcessMemory request was completed. (0x12B)
[0523/132133.718:ERROR:process_memory_win.cc(73)] ReadMemory at 0x242ef1fa060 of 512 bytes failed: Only part of a ReadProcessMemory or WriteProcessMemory request was completed. (0x12B)
[0523/132133.718:ERROR:process_memory_win.cc(73)] ReadMemory at 0x242ef28f450 of 512 bytes failed: Only part of a ReadProcessMemory or WriteProcessMemory request was completed. (0x12B)
[0523/132133.719:ERROR:process_memory_win.cc(73)] ReadMemory at 0x242f0041b40 of 512 bytes failed: Only part of a ReadProcessMemory or WriteProcessMemory request was completed. (0x12B)
[0523/132133.719:ERROR:process_memory_win.cc(73)] ReadMemory at 0x1d6d79611010 of 512 bytes failed: Only part of a ReadProcessMemory or WriteProcessMemory request was completed. (0x12B)
[0523/132133.719:ERROR:process_memory_win.cc(73)] ReadMemory at 0x418808112c35 of 512 bytes failed: Only part of a ReadProcessMemory or WriteProcessMemory request was completed. (0x12B)
[0523/132133.719:ERROR:process_memory_win.cc(73)] ReadMemory at 0x69efdc4ba528 of 512 bytes failed: Only part of a ReadProcessMemory or WriteProcessMemory request was completed. (0x12B)
[0523/132133.719:ERROR:process_memory_win.cc(73)] ReadMemory at 0x7ffb5be742b0 of 512 bytes failed: Only part of a ReadProcessMemory or WriteProcessMemory request was completed. (0x12B)
[0523/132133.719:ERROR:process_memory_win.cc(73)] ReadMemory at 0x7ffb5c17294e of 512 bytes failed: Only part of a ReadProcessMemory or WriteProcessMemory request was completed. (0x12B)
[0523/132133.719:ERROR:process_memory_win.cc(73)] ReadMemory at 0x7ffb5c73971c of 512 bytes failed: Only part of a ReadProcessMemory or WriteProcessMemory request was completed. (0x12B)
[0523/132133.719:ERROR:process_memory_win.cc(73)] ReadMemory at 0x7ffb5d555dbf of 512 bytes failed: Only part of a ReadProcessMemory or WriteProcessMemory request was completed. (0x12B)
[0523/132133.719:ERROR:process_memory_win.cc(73)] ReadMemory at 0x7ffb61909584 of 512 bytes failed: Only part of a ReadProcessMemory or WriteProcessMemory request was completed. (0x12B)
[0523/132133.719:ERROR:process_memory_win.cc(73)] ReadMemory at 0x7ffbd7a9c074 of 672 bytes failed: Only part of a ReadProcessMemory or WriteProcessMemory request was completed. (0x12B)
[0523/132133.719:ERROR:process_memory_win.cc(73)] ReadMemory at 0x7ffbd7a9c674 of 512 bytes failed: Only part of a ReadProcessMemory or WriteProcessMemory request was completed. (0x12B)
[0523/132133.719:ERROR:process_memory_win.cc(73)] ReadMemory at 0x7ffbd7a9f924 of 608 bytes failed: Only part of a ReadProcessMemory or WriteProcessMemory request was completed. (0x12B)
[0523/132133.719:ERROR:process_memory_win.cc(73)] ReadMemory at 0x7ffbd7b2c428 of 18 bytes failed: Only part of a ReadProcessMemory or WriteProcessMemory request was completed. (0x12B)
[0523/132133.720:ERROR:process_memory_win.cc(73)] ReadMemory at 0x7ffbd7b5f4f8 of 40 bytes failed: Only part of a ReadProcessMemory or WriteProcessMemory request was completed. (0x12B)
[0523/132133.720:ERROR:process_memory_win.cc(73)] ReadMemory at 0x7ffbd7b5f978 of 48 bytes failed: Only part of a ReadProcessMemory or WriteProcessMemory request was completed. (0x12B)
[0523/132133.720:ERROR:process_memory_win.cc(73)] ReadMemory at 0x7ffbd7b653c0 of 64 bytes failed: Only part of a ReadProcessMemory or WriteProcessMemory request was completed. (0x12B)
[0523/132133.721:ERROR:scoped_process_suspend.cc(40)] NtResumeProcess: An attempt was made to access an exiting process. (0xc000010a)
